\BOOKMARK [1][-]{section.1}{Estrutura da aplica\347\343o}{}% 1
\BOOKMARK [2][-]{subsection.1.1}{Actividades}{section.1}% 2
\BOOKMARK [3][-]{subsubsection.1.1.1}{Classe abstracta Activity}{subsection.1.1}% 3
\BOOKMARK [3][-]{subsubsection.1.1.2}{Indoor,Outdoor e actividades desportivas}{subsection.1.1}% 4
\BOOKMARK [3][-]{subsubsection.1.1.3}{Comparadores e Interfaces}{subsection.1.1}% 5
\BOOKMARK [2][-]{subsection.1.2}{Utilizadores}{section.1}% 6
\BOOKMARK [3][-]{subsubsection.1.2.1}{Classe abstracta Person}{subsection.1.2}% 7
\BOOKMARK [3][-]{subsubsection.1.2.2}{Classes User e Admin}{subsection.1.2}% 8
\BOOKMARK [3][-]{subsubsection.1.2.3}{Comparators}{subsection.1.2}% 9
\BOOKMARK [3][-]{subsubsection.1.2.4}{Statistics}{subsection.1.2}% 10
\BOOKMARK [2][-]{subsection.1.3}{Recordes Pessoais}{section.1}% 11
\BOOKMARK [3][-]{subsubsection.1.3.1}{Classe abstracta Record}{subsection.1.3}% 12
\BOOKMARK [3][-]{subsubsection.1.3.2}{DistancePerTime e TimePerDistance}{subsection.1.3}% 13
\BOOKMARK [3][-]{subsubsection.1.3.3}{ListRecords}{subsection.1.3}% 14
\BOOKMARK [3][-]{subsubsection.1.3.4}{Interfaces}{subsection.1.3}% 15
\BOOKMARK [2][-]{subsection.1.4}{Eventos}{section.1}% 16
\BOOKMARK [3][-]{subsubsection.1.4.1}{Classe abstracta Event}{subsection.1.4}% 17
\BOOKMARK [3][-]{subsubsection.1.4.2}{Tipo de Evento}{subsection.1.4}% 18
\BOOKMARK [3][-]{subsubsection.1.4.3}{Simula\347\343o}{subsection.1.4}% 19
\BOOKMARK [3][-]{subsubsection.1.4.4}{Ranking}{subsection.1.4}% 20
\BOOKMARK [2][-]{subsection.1.5}{F\363rmulas}{section.1}% 21
\BOOKMARK [3][-]{subsubsection.1.5.1}{F\363rmula das Calorias}{subsection.1.5}% 22
\BOOKMARK [3][-]{subsubsection.1.5.2}{F\363rmula para a Simula\347\343o}{subsection.1.5}% 23
\BOOKMARK [1][-]{section.2}{Considera\347\365es finais}{}% 24
\BOOKMARK [2][-]{subsection.2.1}{Construtores}{section.2}% 25
\BOOKMARK [2][-]{subsection.2.2}{Vari\341veis inutilizadas}{section.2}% 26
\BOOKMARK [2][-]{subsection.2.3}{Actualiza\347\343o de estados}{section.2}% 27
\BOOKMARK [1][-]{section.3}{Anexos}{}% 28
\BOOKMARK [2][-]{subsection.3.1}{Imagens da aplica\347\343o}{section.3}% 29
