This is pdfTeXk, Version 3.1415926-1.40.9 (Web2C 7.5.7) (format=pdflatex 2009.10.31)  18 JUN 2013 21:29
entering extended mode
\write18 enabled.
 %&-line parsing enabled.
**Relatorio.tex
(./Relatorio.tex
LaTeX2e <2005/12/01>
Babel <v3.8l> and hyphenation patterns for english, usenglishmax, dumylang, noh
yphenation, german-x-2008-06-18, ngerman-x-2008-06-18, ancientgreek, ibycus, ar
abic, basque, bulgarian, catalan, pinyin, coptic, croatian, czech, danish, dutc
h, esperanto, estonian, farsi, finnish, french, galician, german, ngerman, mono
greek, greek, hungarian, icelandic, indonesian, interlingua, irish, italian, la
tin, lithuanian, mongolian, mongolian2a, bokmal, nynorsk, polish, portuguese, r
omanian, russian, sanskrit, serbian, slovak, slovenian, spanish, swedish, turki
sh, ukenglish, ukrainian, uppersorbian, welsh, loaded.
(/usr/local/texlive/2008/texmf-dist/tex/latex/base/article.cls
Document Class: article 2005/09/16 v1.4f Standard LaTeX document class
(/usr/local/texlive/2008/texmf-dist/tex/latex/base/size10.clo
File: size10.clo 2005/09/16 v1.4f Standard LaTeX file (size option)
)
\c@part=\count79
\c@section=\count80
\c@subsection=\count81
\c@subsubsection=\count82
\c@paragraph=\count83
\c@subparagraph=\count84
\c@figure=\count85
\c@table=\count86
\abovecaptionskip=\skip41
\belowcaptionskip=\skip42
\bibindent=\dimen102
)
(/usr/local/texlive/2008/texmf-dist/tex/latex/ltxmisc/a4wide.sty
Package: a4wide 1994/08/30

(/usr/local/texlive/2008/texmf-dist/tex/latex/ntgclass/a4.sty
Package: a4 2004/04/15 v1.2g A4 based page layout
))
(/usr/local/texlive/2008/texmf-dist/tex/generic/babel/babel.sty
Package: babel 2008/07/06 v3.8l The Babel package

(/usr/local/texlive/2008/texmf-dist/tex/generic/babel/portuges.ldf
Language: portuges 2008/03/18 v1.2q Portuguese support from the babel system

(/usr/local/texlive/2008/texmf-dist/tex/generic/babel/babel.def
File: babel.def 2008/07/06 v3.8l Babel common definitions
\babel@savecnt=\count87
\U@D=\dimen103
)
Package babel Info: Making " an active character on input line 145.
))
(/usr/local/texlive/2008/texmf-dist/tex/latex/base/inputenc.sty
Package: inputenc 2006/05/05 v1.1b Input encoding file
\inpenc@prehook=\toks14
\inpenc@posthook=\toks15

(/usr/local/texlive/2008/texmf-dist/tex/latex/base/applemac.def
File: applemac.def 2006/05/05 v1.1b Input encoding file
))
(/usr/local/texlive/2008/texmf-dist/tex/latex/graphics/graphicx.sty
Package: graphicx 1999/02/16 v1.0f Enhanced LaTeX Graphics (DPC,SPQR)

(/usr/local/texlive/2008/texmf-dist/tex/latex/graphics/keyval.sty
Package: keyval 1999/03/16 v1.13 key=value parser (DPC)
\KV@toks@=\toks16
)
(/usr/local/texlive/2008/texmf-dist/tex/latex/graphics/graphics.sty
Package: graphics 2006/02/20 v1.0o Standard LaTeX Graphics (DPC,SPQR)

(/usr/local/texlive/2008/texmf-dist/tex/latex/graphics/trig.sty
Package: trig 1999/03/16 v1.09 sin cos tan (DPC)
)
(/usr/local/texlive/2008/texmf/tex/latex/config/graphics.cfg
File: graphics.cfg 2007/01/18 v1.5 graphics configuration of teTeX/TeXLive
)
Package graphics Info: Driver file: pdftex.def on input line 90.

(/usr/local/texlive/2008/texmf-dist/tex/latex/pdftex-def/pdftex.def
File: pdftex.def 2008/09/08 v0.04l Graphics/color for pdfTeX
\Gread@gobject=\count88
))
\Gin@req@height=\dimen104
\Gin@req@width=\dimen105
)
(/usr/local/texlive/2008/texmf-dist/tex/latex/tools/verbatim.sty
Package: verbatim 2003/08/22 v1.5q LaTeX2e package for verbatim enhancements
\every@verbatim=\toks17
\verbatim@line=\toks18
\verbatim@in@stream=\read1
)
(/usr/local/texlive/2008/texmf-dist/tex/generic/xypic/xy.sty
(/usr/local/texlive/2008/texmf-dist/tex/generic/xypic/xy.tex Bootstrap'ing:
catcodes, docmode,
(/usr/local/texlive/2008/texmf-dist/tex/generic/xypic/xyrecat.tex)
(/usr/local/texlive/2008/texmf-dist/tex/generic/xypic/xyidioms.tex)

 Xy-pic version 3.7 <1999/02/16>
 Copyright (c) 1991-1998 by Kristoffer H. Rose <krisrose@ens-lyon.fr>
 Xy-pic is free software: see the User's Guide for details.

Loading kernel: messages; fonts; allocations: state,
\X@c=\dimen106
\Y@c=\dimen107
\U@c=\dimen108
\D@c=\dimen109
\L@c=\dimen110
\R@c=\dimen111
\Edge@c=\toks19
\X@p=\dimen112
\Y@p=\dimen113
\U@p=\dimen114
\D@p=\dimen115
\L@p=\dimen116
\R@p=\dimen117
\Edge@p=\toks20
\X@origin=\dimen118
\Y@origin=\dimen119
\X@xbase=\dimen120
\Y@xbase=\dimen121
\X@ybase=\dimen122
\Y@ybase=\dimen123
\X@min=\dimen124
\Y@min=\dimen125
\X@max=\dimen126
\Y@max=\dimen127
\lastobjectbox@=\box26
\zerodotbox@=\box27
\almostz@=\dimen128
 direction,
\d@X=\dimen129
\d@Y=\dimen130
\K@=\count89
\KK@=\count90
\Direction=\count91
\K@dXdY=\dimen131
\K@dYdX=\dimen132
\xyread@=\read2
\xywrite@=\write3
\csp@=\count92
\quotPTK@=\dimen133

utility macros; pictures: \xy, positions,
\swaptoks@@=\toks21
\connectobjectbox@@=\box28
 objects,
\styletoks@=\toks22
 decorations;
kernel objects: directionals, circles, text; options; algorithms: directions,
edges, connections;  Xy-pic loaded)
Package: xy 1999/02/16 Xy-pic version 3.7

(/usr/local/texlive/2008/texmf-dist/tex/generic/xypic/xyall.tex
 Xy-pic option: All features v.3.3
(/usr/local/texlive/2008/texmf-dist/tex/generic/xypic/xycurve.tex
 Xy-pic option: Curve and Spline extension v.3.7 curve,
\crv@cnt@=\count93
\crvpts@=\toks23
\splinebox@=\box29
\splineval@=\dimen134
\splinedepth@=\dimen135
\splinetol@=\dimen136
\splinelength@=\dimen137
 circles,
\L@=\dimen138
 loaded)
(/usr/local/texlive/2008/texmf-dist/tex/generic/xypic/xyframe.tex
 Xy-pic option: Frame and Bracket extension v.3.7 loaded)
(/usr/local/texlive/2008/texmf-dist/tex/generic/xypic/xycmtip.tex
 Xy-pic option: Computer Modern tip extension v.3.3
(/usr/local/texlive/2008/texmf-dist/tex/generic/xypic/xytips.tex
 Xy-pic option: More Tips extension v.3.3 loaded) loaded)
(/usr/local/texlive/2008/texmf-dist/tex/generic/xypic/xyline.tex
 Xy-pic option: Line styles extension v.3.6
\xylinethick@=\dimen139
 loaded)
(/usr/local/texlive/2008/texmf-dist/tex/generic/xypic/xyrotate.tex
 Xy-pic option: Rotate and Scale extension v.3.3 loaded)
(/usr/local/texlive/2008/texmf-dist/tex/generic/xypic/xycolor.tex
 Xy-pic option: Colour extension v.3.3 loaded)
(/usr/local/texlive/2008/texmf-dist/tex/generic/xypic/xymatrix.tex
 Xy-pic option: Matrix feature v.3.4
\Row=\count94
\Col=\count95
\queue@=\toks24
\queue@@=\toks25
\qcount@=\count96
\qcount@@=\count97
\matrixsize@=\count98
 loaded)
(/usr/local/texlive/2008/texmf-dist/tex/generic/xypic/xyarrow.tex
 Xy-pic option: Arrow and Path feature v.3.5 path, \ar, loaded)
(/usr/local/texlive/2008/texmf-dist/tex/generic/xypic/xygraph.tex
 Xy-pic option: Graph feature v.3.7 loaded) loaded)) (./Relatorio.aux)
\openout1 = `Relatorio.aux'.

LaTeX Font Info:    Checking defaults for OML/cmm/m/it on input line 9.
LaTeX Font Info:    ... okay on input line 9.
LaTeX Font Info:    Checking defaults for T1/cmr/m/n on input line 9.
LaTeX Font Info:    ... okay on input line 9.
LaTeX Font Info:    Checking defaults for OT1/cmr/m/n on input line 9.
LaTeX Font Info:    ... okay on input line 9.
LaTeX Font Info:    Checking defaults for OMS/cmsy/m/n on input line 9.
LaTeX Font Info:    ... okay on input line 9.
LaTeX Font Info:    Checking defaults for OMX/cmex/m/n on input line 9.
LaTeX Font Info:    ... okay on input line 9.
LaTeX Font Info:    Checking defaults for U/cmr/m/n on input line 9.
LaTeX Font Info:    ... okay on input line 9.

(/usr/local/texlive/2008/texmf-dist/tex/context/base/supp-pdf.tex
[Loading MPS to PDF converter (version 2006.09.02).]
\scratchcounter=\count99
\scratchdimen=\dimen140
\scratchbox=\box30
\nofMPsegments=\count100
\nofMParguments=\count101
\everyMPshowfont=\toks26
\MPscratchCnt=\count102
\MPscratchDim=\dimen141
\MPnumerator=\count103
\everyMPtoPDFconversion=\toks27
) <logo.pdf, id=1, 318.18875pt x 159.59625pt>
File: logo.pdf Graphic file (type pdf)
 <use logo.pdf>
LaTeX Font Info:    External font `cmex10' loaded for size
(Font)              <7> on input line 18.
LaTeX Font Info:    External font `cmex10' loaded for size
(Font)              <5> on input line 18.

Underfull \hbox (badness 10000) in paragraph at lines 18--20

 []

<Fotografia1.jpg, id=2, 120.45pt x 150.5625pt>
File: Fotografia1.jpg Graphic file (type jpg)
 <use Fotografia1.jpg>
<Fotografia2.png, id=3, 368.37625pt x 500.87125pt>
File: Fotografia2.png Graphic file (type png)
 <use Fotografia2.png>
<Fotografia3.png, id=5, 201.75375pt x 271.0125pt>
File: Fotografia3.png Graphic file (type png)
 <use Fotografia3.png>
[1

{/usr/local/texlive/2008/texmf-var/fonts/map/pdftex/updmap/pdftex.map} <./logo.
pdf> <./Fotografia1.jpg> <./Fotografia2.png> <./Fotografia3.png>]
(./Relatorio.toc)
\tf@toc=\write4
\openout4 = `Relatorio.toc'.

 [2] <veiculo.png, id=27, 437.635pt x 303.1325pt>
File: veiculo.png Graphic file (type png)

<use veiculo.png>
Underfull \hbox (badness 10000) in paragraph at lines 57--58

 []


Underfull \hbox (badness 10000) in paragraph at lines 61--62

 []

[3 <./veiculo.png (PNG copy)>]
Underfull \hbox (badness 10000) in paragraph at lines 89--90

 []


Underfull \hbox (badness 10000) in paragraph at lines 95--96

 []


Underfull \hbox (badness 10000) in paragraph at lines 99--100

 []


Underfull \hbox (badness 10000) in paragraph at lines 101--102

 []

[4] <corrida.png, id=37, 503.8825pt x 298.11375pt>
File: corrida.png Graphic file (type png)
 <use corrida.png>
Overfull \hbox (66.77165pt too wide) in paragraph at lines 114--115
\OT1/cmr/m/n/10 tro da aplica^^Xc~ao, um \OT1/cmr/m/it/10 Cir-cuito cir-cuito\O
T1/cmr/m/n/10 , um \OT1/cmr/m/it/10 Map$\OML/cmm/m/it/10 <$\OT1/cmr/m/it/10 Str
ing,Veiculo$\OML/cmm/m/it/10 >$ \OT1/cmr/m/it/10 vei-cu-los \OT1/cmr/m/n/10 e u
ma \OT1/cmr/m/it/10 List$\OML/cmm/m/it/10 <$\OT1/cmr/m/it/10 Classifica^^Xc~ao$
\OML/cmm/m/it/10 >$\OT1/cmr/m/it/10 classificacoes\OT1/cmr/m/n/10 . 
 []


Underfull \hbox (badness 10000) in paragraph at lines 114--115

 []


Underfull \hbox (badness 10000) in paragraph at lines 116--117

 []


Underfull \hbox (badness 10000) in paragraph at lines 118--119

 []


Underfull \hbox (badness 10000) in paragraph at lines 124--125

 []


Underfull \hbox (badness 10000) in paragraph at lines 126--127

 []


Underfull \hbox (badness 10000) in paragraph at lines 128--129

 []


Underfull \hbox (badness 10000) in paragraph at lines 130--131

 []


Underfull \hbox (badness 10000) in paragraph at lines 134--135

 []

[5 <./corrida.png (PNG copy)>]
Underfull \hbox (badness 10000) in paragraph at lines 136--137

 []


Underfull \hbox (badness 10000) in paragraph at lines 140--141

 []

<jogador.png, id=41, 311.1625pt x 261.97874pt>
File: jogador.png Graphic file (type png)
 <use jogador.png>
Underfull \hbox (badness 10000) in paragraph at lines 149--150

 []


Underfull \hbox (badness 10000) in paragraph at lines 151--152

 []


Underfull \hbox (badness 10000) in paragraph at lines 153--154

 []

[6 <./jogador.png (PNG copy)>]
Overfull \hbox (2.81044pt too wide) in paragraph at lines 161--162
\OT1/cmr/m/n/10 um \OT1/cmr/m/it/10 Map$\OML/cmm/m/it/10 <$\OT1/cmr/m/it/10 Str
ing,Corrida$\OML/cmm/m/it/10 >$ \OT1/cmr/m/it/10 cor-ri-das\OT1/cmr/m/n/10 , um
 \OT1/cmr/m/it/10 Map$\OML/cmm/m/it/10 <$\OT1/cmr/m/it/10 String,Jogador$\OML/c
mm/m/it/10 >$ \OT1/cmr/m/it/10 jo-ga-do-res \OT1/cmr/m/n/10 e um \OT1/cmr/m/it/
10 List$\OML/cmm/m/it/10 <$\OT1/cmr/m/it/10 Classificacao$\OML/cmm/m/it/10 >$
 []


Underfull \hbox (badness 10000) in paragraph at lines 161--162

 []


Underfull \hbox (badness 10000) in paragraph at lines 177--178

 []


Underfull \hbox (badness 10000) in paragraph at lines 179--180

 []

<menu1.png, id=45, 676.5275pt x 365.365pt>
File: menu1.png Graphic file (type png)
 <use menu1.png>
Underfull \hbox (badness 10000) in paragraph at lines 188--190

 []

<menu2.png, id=46, 768.8725pt x 570.13pt>
File: menu2.png Graphic file (type png)
 <use menu2.png>
Overfull \hbox (36.74081pt too wide) in paragraph at lines 195--196
 [][] 
 []

[7 <./menu1.png>]
Underfull \hbox (badness 10000) in paragraph at lines 200--201

 []

<main.png, id=52, 280.04625pt x 214.8025pt>
File: main.png Graphic file (type png)
 <use main.png> [8 <./menu2.png (PNG copy)> <./main.png (PNG copy)>]
Underfull \hbox (badness 10000) in paragraph at lines 211--212

 []


Underfull \hbox (badness 10000) in paragraph at lines 230--231

 []


Underfull \hbox (badness 10000) in paragraph at lines 232--233

 []


Underfull \hbox (badness 10000) in paragraph at lines 234--235

 []

[9]
Underfull \hbox (badness 10000) in paragraph at lines 242--243

 []


Underfull \hbox (badness 10000) in paragraph at lines 248--249

 []


Underfull \hbox (badness 10000) in paragraph at lines 250--251

 []


Underfull \hbox (badness 10000) in paragraph at lines 254--256

 []


Underfull \hbox (badness 10000) in paragraph at lines 259--260

 []


Underfull \hbox (badness 10000) in paragraph at lines 261--262

 []


Underfull \hbox (badness 10000) in paragraph at lines 263--264

 []


Underfull \hbox (badness 10000) in paragraph at lines 265--266

 []

[10] (./Relatorio.aux) ) 
Here is how much of TeX's memory you used:
 3559 strings out of 493876
 44567 string characters out of 1150567
 134143 words of memory out of 3000000
 6797 multiletter control sequences out of 10000+50000
 6647 words of font info for 27 fonts, out of 3000000 for 5000
 714 hyphenation exceptions out of 8191
 25i,7n,24p,520b,271s stack positions out of 5000i,500n,10000p,200000b,50000s
</usr/local/texlive/2008/texmf-dist/fonts/type1/bluesky
/cm/cmbx10.pfb></usr/local/texlive/2008/texmf-dist/fonts/type1/bluesky/cm/cmbx1
2.pfb></usr/local/texlive/2008/texmf-dist/fonts/type1/bluesky/cm/cmmi10.pfb></u
sr/local/texlive/2008/texmf-dist/fonts/type1/bluesky/cm/cmr10.pfb></usr/local/t
exlive/2008/texmf-dist/fonts/type1/bluesky/cm/cmr7.pfb></usr/local/texlive/2008
/texmf-dist/fonts/type1/bluesky/cm/cmti10.pfb>
Output written on Relatorio.pdf (10 pages, 840549 bytes).
PDF statistics:
 82 PDF objects out of 1000 (max. 8388607)
 0 named destinations out of 1000 (max. 131072)
 51 words of extra memory for PDF output out of 10000 (max. 10000000)

